<?xml version="1.0" encoding="UTF-8"?>
<testsuite xmlns:xsi="http://www.w3.org/2001/XMLSchema-instance" xsi:noNamespaceSchemaLocation="https://maven.apache.org/surefire/maven-surefire-plugin/xsd/surefire-test-report-3.0.xsd" version="3.0" name="service.AlunoServiceTest$ListagemDelecao" time="0.162" tests="3" errors="0" skipped="0" failures="0">
  <properties>
[...]
</properties>
  <testcase name="deveRetornarListaVaziaInicialmente" classname="service.AlunoServiceTest$ListagemDelecao" time="0.124">
    <system-out><![CDATA[19:39:33.581 [main] INFO service.AlunoService -- Listando todos os alunos
]]></system-out>
  </testcase>
  <testcase name="deveDeletarTodos" classname="service.AlunoServiceTest$ListagemDelecao" time="0.011">
    <system-out><![CDATA[19:39:33.607 [main] INFO service.AlunoService -- Tentativa de cadastro - nome: João Silva, cpf: 12345678901
19:39:33.612 [main] INFO service.AlunoService -- Aluno cadastrado - id: 0, nome: João Silva
19:39:33.614 [main] INFO service.AlunoService -- Tentativa de cadastro - nome: Maria Souza, cpf: 98765432100
19:39:33.615 [main] INFO service.AlunoService -- Aluno cadastrado - id: 1, nome: Maria Souza
19:39:33.615 [main] WARN service.AlunoService -- TODOS os alunos foram deletados!
19:39:33.615 [main] INFO service.AlunoService -- Listando todos os alunos
]]></system-out>
  </testcase>
  <testcase name="devePermitirRecadastrarAposDelecao" classname="service.AlunoServiceTest$ListagemDelecao" time="0.004">
    <system-out><![CDATA[19:39:33.620 [main] INFO service.AlunoService -- Tentativa de cadastro - nome: João Silva, cpf: 12345678901
19:39:33.620 [main] INFO service.AlunoService -- Aluno cadastrado - id: 0, nome: João Silva
19:39:33.620 [main] WARN service.AlunoService -- TODOS os alunos foram deletados!
19:39:33.620 [main] INFO service.AlunoService -- Tentativa de cadastro - nome: João Silva, cpf: 12345678901
19:39:33.621 [main] INFO service.AlunoService -- Aluno cadastrado - id: 0, nome: João Silva
]]></system-out>
  </testcase>
</testsuite>